This is pdfTeX, Version 3.141592653-2.6-1.40.26 (TeX Live 2024) (preloaded format=pdflatex 2024.12.4)  25 MAR 2026 15:10
entering extended mode
 restricted \write18 enabled.
 %&-line parsing enabled.
**jss-article.tex
(./jss-article.tex
LaTeX2e <2024-11-01> patch level 1
L3 programming layer <2024-11-02>
(./jss.cls
Document Class: jss 2021/05/23 3.3 jss class by Achim Zeileis
(/Users/macleand/Library/TinyTeX/texmf-dist/tex/latex/base/article.cls
Document Class: article 2024/06/29 v1.4n Standard LaTeX document class
(/Users/macleand/Library/TinyTeX/texmf-dist/tex/latex/base/size11.clo
File: size11.clo 2024/06/29 v1.4n Standard LaTeX file (size option)
)
\c@part=\count196
\c@section=\count197
\c@subsection=\count198
\c@subsubsection=\count199
\c@paragraph=\count266
\c@subparagraph=\count267
\c@figure=\count268
\c@table=\count269
\abovecaptionskip=\skip49
\belowcaptionskip=\skip50
\bibindent=\dimen141
) (/Users/macleand/Library/TinyTeX/texmf-dist/tex/latex/graphics/graphicx.sty
Package: graphicx 2021/09/16 v1.2d Enhanced LaTeX Graphics (DPC,SPQR)
 (/Users/macleand/Library/TinyTeX/texmf-dist/tex/latex/graphics/keyval.sty
Package: keyval 2022/05/29 v1.15 key=value parser (DPC)
\KV@toks@=\toks17
) (/Users/macleand/Library/TinyTeX/texmf-dist/tex/latex/graphics/graphics.sty
Package: graphics 2024/08/06 v1.4g Standard LaTeX Graphics (DPC,SPQR)
 (/Users/macleand/Library/TinyTeX/texmf-dist/tex/latex/graphics/trig.sty
Package: trig 2023/12/02 v1.11 sin cos tan (DPC)
) (/Users/macleand/Library/TinyTeX/texmf-dist/tex/latex/graphics-cfg/graphics.cfg
File: graphics.cfg 2016/06/04 v1.11 sample graphics configuration
)
Package graphics Info: Driver file: pdftex.def on input line 106.
 (/Users/macleand/Library/TinyTeX/texmf-dist/tex/latex/graphics-def/pdftex.def
File: pdftex.def 2024/04/13 v1.2c Graphics/color driver for pdftex
))
\Gin@req@height=\dimen142
\Gin@req@width=\dimen143
) (/Users/macleand/Library/TinyTeX/texmf-dist/tex/latex/xcolor/xcolor.sty
Package: xcolor 2024/09/29 v3.02 LaTeX color extensions (UK)
 (/Users/macleand/Library/TinyTeX/texmf-dist/tex/latex/graphics-cfg/color.cfg
File: color.cfg 2016/01/02 v1.6 sample color configuration
)
Package xcolor Info: Driver file: pdftex.def on input line 274.
 (/Users/macleand/Library/TinyTeX/texmf-dist/tex/latex/graphics/mathcolor.ltx)
Package xcolor Info: Model `cmy' substituted by `cmy0' on input line 1349.
Package xcolor Info: Model `hsb' substituted by `rgb' on input line 1353.
Package xcolor Info: Model `RGB' extended on input line 1365.
Package xcolor Info: Model `HTML' substituted by `rgb' on input line 1367.
Package xcolor Info: Model `Hsb' substituted by `hsb' on input line 1368.
Package xcolor Info: Model `tHsb' substituted by `hsb' on input line 1369.
Package xcolor Info: Model `HSB' substituted by `hsb' on input line 1370.
Package xcolor Info: Model `Gray' substituted by `gray' on input line 1371.
Package xcolor Info: Model `wave' substituted by `hsb' on input line 1372.
) (/Users/macleand/Library/TinyTeX/texmf-dist/tex/latex/ae/ae.sty
Package: ae 2001/02/12 1.3 Almost European Computer Modern
 (/Users/macleand/Library/TinyTeX/texmf-dist/tex/latex/base/fontenc.sty
Package: fontenc 2021/04/29 v2.0v Standard LaTeX package
)) (/Users/macleand/Library/TinyTeX/texmf-dist/tex/latex/fancyvrb/fancyvrb.sty
Package: fancyvrb 2024/01/20 4.5c verbatim text (tvz,hv)
\FV@CodeLineNo=\count270
\FV@InFile=\read2
\FV@TabBox=\box52
\c@FancyVerbLine=\count271
\FV@StepNumber=\count272
\FV@OutFile=\write3
) (/Users/macleand/Library/TinyTeX/texmf-dist/tex/latex/base/fontenc.sty
Package: fontenc 2021/04/29 v2.0v Standard LaTeX package
LaTeX Font Info:    Trying to load font information for T1+aer on input line 116.
 (/Users/macleand/Library/TinyTeX/texmf-dist/tex/latex/ae/t1aer.fd
File: t1aer.fd 1997/11/16 Font definitions for T1/aer.
)) (/Users/macleand/Library/TinyTeX/texmf-dist/tex/latex/upquote/upquote.sty
Package: upquote 2012/04/19 v1.3 upright-quote and grave-accent glyphs in verbatim
 (/Users/macleand/Library/TinyTeX/texmf-dist/tex/latex/base/textcomp.sty
Package: textcomp 2024/04/24 v2.1b Standard LaTeX package
)) (/Users/macleand/Library/TinyTeX/texmf-dist/tex/latex/lm/lmodern.sty
Package: lmodern 2015/05/01 v1.6.1 Latin Modern Fonts
LaTeX Font Info:    Overwriting symbol font `operators' in version `normal'
(Font)                  OT1/cmr/m/n --> OT1/lmr/m/n on input line 22.
LaTeX Font Info:    Overwriting symbol font `letters' in version `normal'
(Font)                  OML/cmm/m/it --> OML/lmm/m/it on input line 23.
LaTeX Font Info:    Overwriting symbol font `symbols' in version `normal'
(Font)                  OMS/cmsy/m/n --> OMS/lmsy/m/n on input line 24.
LaTeX Font Info:    Overwriting symbol font `largesymbols' in version `normal'
(Font)                  OMX/cmex/m/n --> OMX/lmex/m/n on input line 25.
LaTeX Font Info:    Overwriting symbol font `operators' in version `bold'
(Font)                  OT1/cmr/bx/n --> OT1/lmr/bx/n on input line 26.
LaTeX Font Info:    Overwriting symbol font `letters' in version `bold'
(Font)                  OML/cmm/b/it --> OML/lmm/b/it on input line 27.
LaTeX Font Info:    Overwriting symbol font `symbols' in version `bold'
(Font)                  OMS/cmsy/b/n --> OMS/lmsy/b/n on input line 28.
LaTeX Font Info:    Overwriting symbol font `largesymbols' in version `bold'
(Font)                  OMX/cmex/m/n --> OMX/lmex/m/n on input line 29.
LaTeX Font Info:    Overwriting math alphabet `\mathbf' in version `normal'
(Font)                  OT1/cmr/bx/n --> OT1/lmr/bx/n on input line 31.
LaTeX Font Info:    Overwriting math alphabet `\mathsf' in version `normal'
(Font)                  OT1/cmss/m/n --> OT1/lmss/m/n on input line 32.
LaTeX Font Info:    Overwriting math alphabet `\mathit' in version `normal'
(Font)                  OT1/cmr/m/it --> OT1/lmr/m/it on input line 33.
LaTeX Font Info:    Overwriting math alphabet `\mathtt' in version `normal'
(Font)                  OT1/cmtt/m/n --> OT1/lmtt/m/n on input line 34.
LaTeX Font Info:    Overwriting math alphabet `\mathbf' in version `bold'
(Font)                  OT1/cmr/bx/n --> OT1/lmr/bx/n on input line 35.
LaTeX Font Info:    Overwriting math alphabet `\mathsf' in version `bold'
(Font)                  OT1/cmss/bx/n --> OT1/lmss/bx/n on input line 36.
LaTeX Font Info:    Overwriting math alphabet `\mathit' in version `bold'
(Font)                  OT1/cmr/bx/it --> OT1/lmr/bx/it on input line 37.
LaTeX Font Info:    Overwriting math alphabet `\mathtt' in version `bold'
(Font)                  OT1/cmtt/m/n --> OT1/lmtt/m/n on input line 38.
) (/Users/macleand/Library/TinyTeX/texmf-dist/tex/latex/natbib/natbib.sty
Package: natbib 2010/09/13 8.31b (PWD, AO)
\bibhang=\skip51
\bibsep=\skip52
LaTeX Info: Redefining \cite on input line 694.
\c@NAT@ctr=\count273
)
\footerskip=\skip53
 (/Users/macleand/Library/TinyTeX/texmf-dist/tex/latex/hyperref/hyperref.sty
Package: hyperref 2024-11-05 v7.01l Hypertext links for LaTeX
 (/Users/macleand/Library/TinyTeX/texmf-dist/tex/generic/iftex/iftex.sty
Package: iftex 2022/02/03 v1.0f TeX engine tests
) (/Users/macleand/Library/TinyTeX/texmf-dist/tex/latex/kvsetkeys/kvsetkeys.sty
Package: kvsetkeys 2022-10-05 v1.19 Key value parser (HO)
) (/Users/macleand/Library/TinyTeX/texmf-dist/tex/generic/kvdefinekeys/kvdefinekeys.sty
Package: kvdefinekeys 2019-12-19 v1.6 Define keys (HO)
) (/Users/macleand/Library/TinyTeX/texmf-dist/tex/generic/pdfescape/pdfescape.sty
Package: pdfescape 2019/12/09 v1.15 Implements pdfTeX's escape features (HO)
 (/Users/macleand/Library/TinyTeX/texmf-dist/tex/generic/ltxcmds/ltxcmds.sty
Package: ltxcmds 2023-12-04 v1.26 LaTeX kernel commands for general use (HO)
) (/Users/macleand/Library/TinyTeX/texmf-dist/tex/generic/pdftexcmds/pdftexcmds.sty
Package: pdftexcmds 2020-06-27 v0.33 Utility functions of pdfTeX for LuaTeX (HO)
 (/Users/macleand/Library/TinyTeX/texmf-dist/tex/generic/infwarerr/infwarerr.sty
Package: infwarerr 2019/12/03 v1.5 Providing info/warning/error messages (HO)
)
Package pdftexcmds Info: \pdf@primitive is available.
Package pdftexcmds Info: \pdf@ifprimitive is available.
Package pdftexcmds Info: \pdfdraftmode found.
)) (/Users/macleand/Library/TinyTeX/texmf-dist/tex/latex/hycolor/hycolor.sty
Package: hycolor 2020-01-27 v1.10 Color options for hyperref/bookmark (HO)
) (/Users/macleand/Library/TinyTeX/texmf-dist/tex/latex/hyperref/nameref.sty
Package: nameref 2023-11-26 v2.56 Cross-referencing by name of section
 (/Users/macleand/Library/TinyTeX/texmf-dist/tex/latex/refcount/refcount.sty
Package: refcount 2019/12/15 v3.6 Data extraction from label references (HO)
) (/Users/macleand/Library/TinyTeX/texmf-dist/tex/generic/gettitlestring/gettitlestring.sty
Package: gettitlestring 2019/12/15 v1.6 Cleanup title references (HO)
 (/Users/macleand/Library/TinyTeX/texmf-dist/tex/latex/kvoptions/kvoptions.sty
Package: kvoptions 2022-06-15 v3.15 Key value format for package options (HO)
))
\c@section@level=\count274
) (/Users/macleand/Library/TinyTeX/texmf-dist/tex/latex/etoolbox/etoolbox.sty
Package: etoolbox 2020/10/05 v2.5k e-TeX tools for LaTeX (JAW)
\etb@tempcnta=\count275
) (/Users/macleand/Library/TinyTeX/texmf-dist/tex/generic/stringenc/stringenc.sty
Package: stringenc 2019/11/29 v1.12 Convert strings between diff. encodings (HO)
)
\@linkdim=\dimen144
\Hy@linkcounter=\count276
\Hy@pagecounter=\count277
 (/Users/macleand/Library/TinyTeX/texmf-dist/tex/latex/hyperref/pd1enc.def
File: pd1enc.def 2024-11-05 v7.01l Hyperref: PDFDocEncoding definition (HO)
Now handling font encoding PD1 ...
... no UTF-8 mapping file for font encoding PD1
) (/Users/macleand/Library/TinyTeX/texmf-dist/tex/generic/intcalc/intcalc.sty
Package: intcalc 2019/12/15 v1.3 Expandable calculations with integers (HO)
)
\Hy@SavedSpaceFactor=\count278
 (/Users/macleand/Library/TinyTeX/texmf-dist/tex/latex/hyperref/puenc.def
File: puenc.def 2024-11-05 v7.01l Hyperref: PDF Unicode definition (HO)
Now handling font encoding PU ...
... no UTF-8 mapping file for font encoding PU
)
Package hyperref Info: Hyper figures OFF on input line 4157.
Package hyperref Info: Link nesting OFF on input line 4162.
Package hyperref Info: Hyper index ON on input line 4165.
Package hyperref Info: Plain pages OFF on input line 4172.
Package hyperref Info: Backreferencing OFF on input line 4177.
Package hyperref Info: Implicit mode ON; LaTeX internals redefined.
Package hyperref Info: Bookmarks ON on input line 4424.
\c@Hy@tempcnt=\count279
 (/Users/macleand/Library/TinyTeX/texmf-dist/tex/latex/url/url.sty
\Urlmuskip=\muskip17
Package: url 2013/09/16  ver 3.4  Verb mode for urls, etc.
)
LaTeX Info: Redefining \url on input line 4763.
\XeTeXLinkMargin=\dimen145
 (/Users/macleand/Library/TinyTeX/texmf-dist/tex/generic/bitset/bitset.sty
Package: bitset 2019/12/09 v1.3 Handle bit-vector datatype (HO)
 (/Users/macleand/Library/TinyTeX/texmf-dist/tex/generic/bigintcalc/bigintcalc.sty
Package: bigintcalc 2019/12/15 v1.5 Expandable calculations on big integers (HO)
))
\Fld@menulength=\count280
\Field@Width=\dimen146
\Fld@charsize=\dimen147
Package hyperref Info: Hyper figures OFF on input line 6042.
Package hyperref Info: Link nesting OFF on input line 6047.
Package hyperref Info: Hyper index ON on input line 6050.
Package hyperref Info: backreferencing OFF on input line 6057.
Package hyperref Info: Link coloring OFF on input line 6062.
Package hyperref Info: Link coloring with OCG OFF on input line 6067.
Package hyperref Info: PDF/A mode OFF on input line 6072.
 (/Users/macleand/Library/TinyTeX/texmf-dist/tex/latex/base/atbegshi-ltx.sty
Package: atbegshi-ltx 2021/01/10 v1.0c Emulation of the original atbegshi
package with kernel methods
)
\Hy@abspage=\count281
\c@Item=\count282
\c@Hfootnote=\count283
)
Package hyperref Info: Driver (autodetected): hpdftex.
 (/Users/macleand/Library/TinyTeX/texmf-dist/tex/latex/hyperref/hpdftex.def
File: hpdftex.def 2024-11-05 v7.01l Hyperref driver for pdfTeX
 (/Users/macleand/Library/TinyTeX/texmf-dist/tex/latex/base/atveryend-ltx.sty
Package: atveryend-ltx 2020/08/19 v1.0a Emulation of the original atveryend package
with kernel methods
)
\Fld@listcount=\count284
\c@bookmark@seq@number=\count285
 (/Users/macleand/Library/TinyTeX/texmf-dist/tex/latex/rerunfilecheck/rerunfilecheck.sty
Package: rerunfilecheck 2022-07-10 v1.10 Rerun checks for auxiliary files (HO)
 (/Users/macleand/Library/TinyTeX/texmf-dist/tex/generic/uniquecounter/uniquecounter.sty
Package: uniquecounter 2019/12/15 v1.4 Provide unlimited unique counter (HO)
)
Package uniquecounter Info: New unique counter `rerunfilecheck' on input line 285.
)
\Hy@SectionHShift=\skip54
)
\preXLskip=\skip55
\preLskip=\skip56
\preMskip=\skip57
\preSskip=\skip58
\postMskip=\skip59
\postSskip=\skip60


Package hyperref Warning: Option `hyperindex' has already been used,
(hyperref)                setting the option has no effect on input line 447.

Package hyperref Info: Option `colorlinks' set `true' on input line 447.
Package hyperref Info: Option `linktocpage' set `true' on input line 447.
Package hyperref Info: Option `plainpages' set `false' on input line 447.
) (/Users/macleand/Library/TinyTeX/texmf-dist/tex/latex/psnfss/pifont.sty
Package: pifont 2020/03/25 PSNFSS-v9.3 Pi font support (SPQR) 
LaTeX Font Info:    Trying to load font information for U+pzd on input line 63.
 (/Users/macleand/Library/TinyTeX/texmf-dist/tex/latex/psnfss/upzd.fd
File: upzd.fd 2001/06/04 font definitions for U/pzd.
)
LaTeX Font Info:    Trying to load font information for U+psy on input line 64.
 (/Users/macleand/Library/TinyTeX/texmf-dist/tex/latex/psnfss/upsy.fd
File: upsy.fd 2001/06/04 font definitions for U/psy.
)) (/Users/macleand/Library/TinyTeX/texmf-dist/tex/latex/amsmath/amsmath.sty
Package: amsmath 2024/11/05 v2.17t AMS math features
\@mathmargin=\skip61

For additional information on amsmath, use the `?' option.
(/Users/macleand/Library/TinyTeX/texmf-dist/tex/latex/amsmath/amstext.sty
Package: amstext 2021/08/26 v2.01 AMS text
 (/Users/macleand/Library/TinyTeX/texmf-dist/tex/latex/amsmath/amsgen.sty
File: amsgen.sty 1999/11/30 v2.0 generic functions
\@emptytoks=\toks18
\ex@=\dimen148
)) (/Users/macleand/Library/TinyTeX/texmf-dist/tex/latex/amsmath/amsbsy.sty
Package: amsbsy 1999/11/29 v1.2d Bold Symbols
\pmbraise@=\dimen149
) (/Users/macleand/Library/TinyTeX/texmf-dist/tex/latex/amsmath/amsopn.sty
Package: amsopn 2022/04/08 v2.04 operator names
)
\inf@bad=\count286
LaTeX Info: Redefining \frac on input line 233.
\uproot@=\count287
\leftroot@=\count288
LaTeX Info: Redefining \overline on input line 398.
LaTeX Info: Redefining \colon on input line 409.
\classnum@=\count289
\DOTSCASE@=\count290
LaTeX Info: Redefining \ldots on input line 495.
LaTeX Info: Redefining \dots on input line 498.
LaTeX Info: Redefining \cdots on input line 619.
\Mathstrutbox@=\box53
\strutbox@=\box54
LaTeX Info: Redefining \big on input line 721.
LaTeX Info: Redefining \Big on input line 722.
LaTeX Info: Redefining \bigg on input line 723.
LaTeX Info: Redefining \Bigg on input line 724.
\big@size=\dimen150
LaTeX Font Info:    Redeclaring font encoding OML on input line 742.
LaTeX Font Info:    Redeclaring font encoding OMS on input line 743.
\macc@depth=\count291
LaTeX Info: Redefining \bmod on input line 904.
LaTeX Info: Redefining \pmod on input line 909.
LaTeX Info: Redefining \smash on input line 939.
LaTeX Info: Redefining \relbar on input line 969.
LaTeX Info: Redefining \Relbar on input line 970.
\c@MaxMatrixCols=\count292
\dotsspace@=\muskip18
\c@parentequation=\count293
\dspbrk@lvl=\count294
\tag@help=\toks19
\row@=\count295
\column@=\count296
\maxfields@=\count297
\andhelp@=\toks20
\eqnshift@=\dimen151
\alignsep@=\dimen152
\tagshift@=\dimen153
\tagwidth@=\dimen154
\totwidth@=\dimen155
\lineht@=\dimen156
\@envbody=\toks21
\multlinegap=\skip62
\multlinetaggap=\skip63
\mathdisplay@stack=\toks22
LaTeX Info: Redefining \[ on input line 2953.
LaTeX Info: Redefining \] on input line 2954.
) (./Sweave.sty
Package: Sweave 
 (/Users/macleand/Library/TinyTeX/texmf-dist/tex/latex/base/ifthen.sty
Package: ifthen 2024/03/16 v1.1e Standard LaTeX ifthen package (DPC)
) (/Users/macleand/Library/TinyTeX/texmf-dist/tex/latex/base/fontenc.sty
Package: fontenc 2021/04/29 v2.0v Standard LaTeX package
LaTeX Font Info:    Trying to load font information for T1+lmr on input line 116.
 (/Users/macleand/Library/TinyTeX/texmf-dist/tex/latex/lm/t1lmr.fd
File: t1lmr.fd 2015/05/01 v1.6.1 Font defs for Latin Modern
)) Environment Schunk is already defined, stay with former definition) (/Users/macleand/Library/TinyTeX/texmf-dist/tex/latex/l3backend/l3backend-pdftex.def
File: l3backend-pdftex.def 2024-05-08 L3 backend support: PDF output (pdfTeX)
\l__color_backend_stack_int=\count298
\l__pdf_internal_box=\box55
) (./jss-article.aux)
\openout1 = `jss-article.aux'.

LaTeX Font Info:    Checking defaults for OML/cmm/m/it on input line 65.
LaTeX Font Info:    ... okay on input line 65.
LaTeX Font Info:    Checking defaults for OMS/cmsy/m/n on input line 65.
LaTeX Font Info:    ... okay on input line 65.
LaTeX Font Info:    Checking defaults for OT1/cmr/m/n on input line 65.
LaTeX Font Info:    ... okay on input line 65.
LaTeX Font Info:    Checking defaults for T1/cmr/m/n on input line 65.
LaTeX Font Info:    ... okay on input line 65.
LaTeX Font Info:    Checking defaults for TS1/cmr/m/n on input line 65.
LaTeX Font Info:    ... okay on input line 65.
LaTeX Font Info:    Checking defaults for OMX/cmex/m/n on input line 65.
LaTeX Font Info:    ... okay on input line 65.
LaTeX Font Info:    Checking defaults for U/cmr/m/n on input line 65.
LaTeX Font Info:    ... okay on input line 65.
LaTeX Font Info:    Checking defaults for PD1/pdf/m/n on input line 65.
LaTeX Font Info:    ... okay on input line 65.
LaTeX Font Info:    Checking defaults for PU/pdf/m/n on input line 65.
LaTeX Font Info:    ... okay on input line 65.
 (/Users/macleand/Library/TinyTeX/texmf-dist/tex/latex/epstopdf-pkg/epstopdf-base.sty
Package: epstopdf-base 2020-01-24 v2.11 Base part for package epstopdf
 (/Users/macleand/Library/TinyTeX/texmf-dist/tex/latex/grfext/grfext.sty
Package: grfext 2019/12/03 v1.3 Manage graphics extensions (HO)
)
Package epstopdf-base Info: Redefining graphics rule for `.eps' on input line 485.
Package grfext Info: Graphics extension search list:
(grfext)             [.pdf,.png,.jpg,.mps,.jpeg,.jbig2,.jb2,.PDF,.PNG,.JPG,.JPEG,.JBIG2,.JB2,.eps]
(grfext)             \AppendGraphicsExtensions on input line 504.
 (/Users/macleand/Library/TinyTeX/texmf-dist/tex/latex/latexconfig/epstopdf-sys.cfg
File: epstopdf-sys.cfg 2010/07/13 v1.3 Configuration of (r)epstopdf for TeX Live
))
Package hyperref Info: Link coloring ON on input line 65.
 (./jss-article.out) (./jss-article.out)
\@outlinefile=\write4
\openout4 = `jss-article.out'.

<jsslogo.jpg, id=8, 540.0175pt x 393.47pt>
File: jsslogo.jpg Graphic file (type jpg)
<use jsslogo.jpg>
Package pdftex.def Info: jsslogo.jpg  used on input line 65.
(pdftex.def)             Requested size: 89.80768pt x 65.43607pt.
LaTeX Font Info:    Trying to load font information for T1+pzc on input line 65.
 (/Users/macleand/Library/TinyTeX/texmf-dist/tex/latex/psnfss/t1pzc.fd
File: t1pzc.fd 2020/03/25 font definitions for T1/pzc.
)
LaTeX Font Info:    Font shape `T1/pzc/m/n' in size <28> not available
(Font)              Font shape `T1/pzc/m/it' tried instead on input line 65.
LaTeX Font Info:    Trying to load font information for T1+lmss on input line 65.
 (/Users/macleand/Library/TinyTeX/texmf-dist/tex/latex/lm/t1lmss.fd
File: t1lmss.fd 2015/05/01 v1.6.1 Font defs for Latin Modern
)
LaTeX Font Info:    Trying to load font information for OT1+lmr on input line 65.
 (/Users/macleand/Library/TinyTeX/texmf-dist/tex/latex/lm/ot1lmr.fd
File: ot1lmr.fd 2015/05/01 v1.6.1 Font defs for Latin Modern
)
LaTeX Font Info:    Trying to load font information for OML+lmm on input line 65.
 (/Users/macleand/Library/TinyTeX/texmf-dist/tex/latex/lm/omllmm.fd
File: omllmm.fd 2015/05/01 v1.6.1 Font defs for Latin Modern
)
LaTeX Font Info:    Trying to load font information for OMS+lmsy on input line 65.
 (/Users/macleand/Library/TinyTeX/texmf-dist/tex/latex/lm/omslmsy.fd
File: omslmsy.fd 2015/05/01 v1.6.1 Font defs for Latin Modern
)
LaTeX Font Info:    Trying to load font information for OMX+lmex on input line 65.
 (/Users/macleand/Library/TinyTeX/texmf-dist/tex/latex/lm/omxlmex.fd
File: omxlmex.fd 2015/05/01 v1.6.1 Font defs for Latin Modern
)
LaTeX Font Info:    External font `lmex10' loaded for size
(Font)              <10.95> on input line 65.
LaTeX Font Info:    External font `lmex10' loaded for size
(Font)              <8> on input line 65.
LaTeX Font Info:    External font `lmex10' loaded for size
(Font)              <6> on input line 65.
LaTeX Font Info:    External font `lmex10' loaded for size
(Font)              <10> on input line 65.
LaTeX Font Info:    External font `lmex10' loaded for size
(Font)              <7> on input line 65.
LaTeX Font Info:    External font `lmex10' loaded for size
(Font)              <5> on input line 65.


Package natbib Warning: Citation `cohen1988power' on page 1 undefined on input line 72.


Package natbib Warning: Citation `neyman1933' on page 1 undefined on input line 72.


Package natbib Warning: Citation `cohen1962' on page 1 undefined on input line 72.


Package natbib Warning: Citation `button2013power' on page 1 undefined on input line 72.


Package natbib Warning: Citation `ioannidis2005power' on page 1 undefined on input line 72.


Package natbib Warning: Citation `schulz2005sample' on page 1 undefined on input line 74.


Package natbib Warning: Citation `hart2013calculating' on page 1 undefined on input line 74.


Package natbib Warning: Citation `wilkinson2019statistical' on page 1 undefined on input line 74.


Package natbib Warning: Citation `bacchetti2002peer' on page 1 undefined on input line 74.


Package natbib Warning: Citation `karp2010addressing' on page 1 undefined on input line 74.



[1

{/Users/macleand/Library/TinyTeX/texmf-var/fonts/map/pdftex/updmap/pdftex.map}{/Users/macleand/Library/TinyTeX/texmf-dist/fonts/enc/dvips/lm/lm-ec.enc}{/Users/macleand/Library/TinyTeX/texmf-dist/fonts/enc/dvips/base/8r.enc}{/Users/macleand/Library/TinyTeX/texmf-dist/fonts/enc/dvips/lm/lm-mathit.enc} <./jsslogo.jpg>]

Package natbib Warning: Citation `olsen2006phosphoproteomics' on page 2 undefined on input line 77.


Package natbib Warning: Citation `humphrey2015phosphoproteomics' on page 2 undefined on input line 77.


Package natbib Warning: Citation `karp2010addressing' on page 2 undefined on input line 77.


Package natbib Warning: Citation `varemo2013modeling' on page 2 undefined on input line 77.


Package natbib Warning: Citation `hultin2005abundance' on page 2 undefined on input line 77.


Package natbib Warning: Citation `webb2015mnar' on page 2 undefined on input line 77.


Package natbib Warning: Citation `cox2011principles' on page 2 undefined on input line 77.


Package natbib Warning: Citation `webb2015mnar' on page 2 undefined on input line 79.


Package natbib Warning: Citation `lazar2016mnar' on page 2 undefined on input line 79.


Package natbib Warning: Citation `tyanova2016imputation' on page 2 undefined on input line 79.


Package natbib Warning: Citation `o2018accounting' on page 2 undefined on input line 79.


Package natbib Warning: Citation `karp2010addressing' on page 2 undefined on input line 79.


Package natbib Warning: Citation `zhang2018multiple' on page 2 undefined on input line 79.


LaTeX Warning: Reference `tab:tool-comparison' on page 2 undefined on input line 82.


Package natbib Warning: Citation `tyanova2016perseus' on page 2 undefined on input line 82.


Package natbib Warning: Citation `nyangoma2012clippda' on page 2 undefined on input line 82.


Package natbib Warning: Citation `gpower' on page 2 undefined on input line 84.


Package natbib Warning: Citation `tarazona2020multipower' on page 2 undefined on input line 84.


Package natbib Warning: Citation `sham2020power' on page 2 undefined on input line 84.


Package natbib Warning: Citation `wilkinson2019statistical' on page 2 undefined on input line 86.


Package natbib Warning: Citation `collins2020multi' on page 2 undefined on input line 86.


Package natbib Warning: Citation `geyer2016review' on page 2 undefined on input line 86.


Overfull \hbox (2.7842pt too wide) in paragraph at lines 89--90
[]\T1/lmr/m/n/10.95 We present \T1/lmr/b/n/10.95 pep-pwR\T1/lmr/m/n/10.95 , an \T1/lmss/m/n/10.95 R \T1/lmr/m/n/10.95 pack-age that di-rectly ad-dresses these lim-i-ta-tions through simulation-
 []


Underfull \vbox (badness 1810) has occurred while \output is active []




Overfull \hbox (5.47499pt too wide) has occurred while \output is active
\T1/lmr/m/n/10.95 2 []
 []

[2]
LaTeX Font Info:    External font `lmex10' loaded for size
(Font)              <9> on input line 103.

Overfull \hbox (77.59775pt too wide) in paragraph at lines 97--108
 [][] 
 []

<figure_1.pdf, id=33, 578.16pt x 505.89pt>
File: figure_1.pdf Graphic file (type pdf)
<use figure_1.pdf>
Package pdftex.def Info: figure_1.pdf  used on input line 118.
(pdftex.def)             Requested size: 265.59494pt x 232.39572pt.
LaTeX Font Info:    Trying to load font information for T1+lmtt on input line 127.
(/Users/macleand/Library/TinyTeX/texmf-dist/tex/latex/lm/t1lmtt.fd
File: t1lmtt.fd 2015/05/01 v1.6.1 Font defs for Latin Modern
)


Overfull \hbox (5.47499pt too wide) has occurred while \output is active
[] \T1/lmr/m/n/10.95 3
 []

[3{/Users/macleand/Library/TinyTeX/texmf-dist/fonts/enc/dvips/lm/lm-rm.enc}{/Users/macleand/Library/TinyTeX/texmf-dist/fonts/enc/dvips/lm/lm-mathsy.enc}]
Overfull \hbox (39.27682pt too wide) in paragraph at lines 159--160
\T1/lmr/m/n/10.95 log-nor-mal ($[]\OT1/lmr/m/n/10.95 (\OML/lmm/m/it/10.95 ^^V; ^^[[]\OT1/lmr/m/n/10.95 )$\T1/lmr/m/n/10.95 ), nor-mal ($[]\OT1/lmr/m/n/10.95 (\OML/lmm/m/it/10.95 ^^V; ^^[[]\OT1/lmr/m/n/10.95 )$\T1/lmr/m/n/10.95 ), and in-verse Gaus-sian ($[]\OT1/lmr/m/n/10.95 (\OML/lmm/m/it/10.95 ^^V; ^^U\OT1/lmr/m/n/10.95 )$\T1/lmr/m/n/10.95 ).
 []




Overfull \hbox (5.47499pt too wide) has occurred while \output is active
\T1/lmr/m/n/10.95 4 []
 []

[4{/Users/macleand/Library/TinyTeX/texmf-dist/fonts/enc/dvips/lm/lm-mathex.enc} <./figure_1.pdf>]
Overfull \hbox (17.0941pt too wide) in paragraph at lines 178--179
[]\T1/lmr/m/n/10.95 Distribution fit-ting di-ag-nos-tics in-clude goodness-of-fit statis-tics (Kolmogorov-Smirnov, Anderson-
 []




Overfull \hbox (5.47499pt too wide) has occurred while \output is active
[] \T1/lmr/m/n/10.95 5
 []

[5]


Overfull \hbox (5.47499pt too wide) has occurred while \output is active
\T1/lmr/m/n/10.95 6 []
 []

[6]

Package natbib Warning: Citation `webb2015mnar' on page 7 undefined on input line 213.




Overfull \hbox (5.47499pt too wide) has occurred while \output is active
[] \T1/lmr/m/n/10.95 7
 []

[7]
LaTeX Font Info:    Trying to load font information for TS1+lmr on input line 242.
 (/Users/macleand/Library/TinyTeX/texmf-dist/tex/latex/lm/ts1lmr.fd
File: ts1lmr.fd 2015/05/01 v1.6.1 Font defs for Latin Modern
)
Overfull \hbox (80.69443pt too wide) in paragraph at lines 261--262
\T1/lmr/m/n/10.95 (\T1/lmtt/m/n/10.95 fit_distributions()\T1/lmr/m/n/10.95 ), power anal-y-sis (\T1/lmtt/m/n/10.95 power_analysis()\T1/lmr/m/n/10.95 ), sim-u-la-tion en-gine (\T1/lmtt/m/n/10.95 run_power_simulation()\T1/lmr/m/n/10.95 ),
 []


Overfull \hbox (58.52142pt too wide) in paragraph at lines 265--266
[]\T1/lmr/m/n/10.95 Extensibility fea-tures in-clude generic in-ter-faces for adding new dis-tri-bu-tions (\T1/lmtt/m/n/10.95 register_distribution()\T1/lmr/m/n/10.95 ),
 []




Overfull \hbox (5.47499pt too wide) has occurred while \output is active
\T1/lmr/m/n/10.95 8 []
 []

[8{/Users/macleand/Library/TinyTeX/texmf-dist/fonts/enc/dvips/lm/lm-ts1.enc}]
Underfull \vbox (badness 6725) has occurred while \output is active []




Overfull \hbox (5.47499pt too wide) has occurred while \output is active
[] \T1/lmr/m/n/10.95 9
 []

[9]
LaTeX Font Info:    Trying to load font information for TS1+lmtt on input line 316.
 (/Users/macleand/Library/TinyTeX/texmf-dist/tex/latex/lm/ts1lmtt.fd
File: ts1lmtt.fd 2015/05/01 v1.6.1 Font defs for Latin Modern
)

LaTeX Warning: Reference `fig:power-distribution' on page 10 undefined on input line 349.

<jss-article-power-distribution.pdf, id=125, 433.62pt x 433.62pt>
File: jss-article-power-distribution.pdf Graphic file (type pdf)
<use jss-article-power-distribution.pdf>
Package pdftex.def Info: jss-article-power-distribution.pdf  used on input line 358.
(pdftex.def)             Requested size: 354.12434pt x 354.14154pt.

LaTeX Warning: Reference `fig:test-comparison' on page 10 undefined on input line 367.

<jss-article-test-comparison.pdf, id=126, 433.62pt x 433.62pt>
File: jss-article-test-comparison.pdf Graphic file (type pdf)
<use jss-article-test-comparison.pdf>
Package pdftex.def Info: jss-article-test-comparison.pdf  used on input line 375.
(pdftex.def)             Requested size: 354.12434pt x 354.14154pt.



Overfull \hbox (10.94998pt too wide) has occurred while \output is active
\T1/lmr/m/n/10.95 10 []
 []

[10]


Overfull \hbox (10.94998pt too wide) has occurred while \output is active
[] \T1/lmr/m/n/10.95 11
 []

[11 <./jss-article-power-distribution.pdf>]
Overfull \hbox (5.76762pt too wide) in paragraph at lines 420--424
\T1/lmr/m/n/10.95 with com-pre-hen-sive doc-u-men-ta-tion at [][]$\T1/lmtt/m/n/10.95 https : / / teammaclean . github . io / peppwR/$[][]\T1/lmr/m/n/10.95 . The pack-
 []


Underfull \vbox (badness 2626) has occurred while \output is active []




Overfull \hbox (10.94998pt too wide) has occurred while \output is active
\T1/lmr/m/n/10.95 12 []
 []

[12 <./jss-article-test-comparison.pdf>] (./jss-article.bbl


Overfull \hbox (10.94998pt too wide) has occurred while \output is active
[] \T1/lmr/m/n/10.95 13
 []

[13]


Overfull \hbox (10.94998pt too wide) has occurred while \output is active
\T1/lmr/m/n/10.95 14 []
 []

[14])

Package natbib Warning: There were undefined citations.

LaTeX Font Info:    Font shape `T1/pzc/m/n' in size <13> not available
(Font)              Font shape `T1/pzc/m/it' tried instead on input line 436.



Overfull \hbox (10.94998pt too wide) has occurred while \output is active
[] \T1/lmr/m/n/10.95 15
 []

[15] (./jss-article.aux

Package natbib Warning: Citation(s) may have changed.
(natbib)                Rerun to get citations correct.

)
 ***********
LaTeX2e <2024-11-01> patch level 1
L3 programming layer <2024-11-02>
 ***********


LaTeX Warning: There were undefined references.


LaTeX Warning: Label(s) may have changed. Rerun to get cross-references right.


Package rerunfilecheck Warning: File `jss-article.out' has changed.
(rerunfilecheck)                Rerun to get outlines right
(rerunfilecheck)                or use package `bookmark'.

Package rerunfilecheck Info: Checksums for `jss-article.out':
(rerunfilecheck)             Before: 5FF821BA1F3AA30244DA7AE0E9463E9F;118
(rerunfilecheck)             After:  A66D330DC2EA02F4509D2BA086A62DF2;2485.
 ) 
Here is how much of TeX's memory you used:
 11359 strings out of 475229
 178548 string characters out of 5765933
 577228 words of memory out of 5000000
 33935 multiletter control sequences out of 15000+600000
 669245 words of font info for 97 fonts, out of 8000000 for 9000
 36 hyphenation exceptions out of 8191
 90i,16n,93p,964b,590s stack positions out of 10000i,1000n,20000p,200000b,200000s

pdfTeX warning (dest): name{Hfootnote.2} has been referenced but does not exist, replaced by a fixed one


pdfTeX warning (dest): name{Hfootnote.1} has been referenced but does not exist, replaced by a fixed one

</Users/macleand/Library/TinyTeX/texmf-dist/fonts/type1/public/lm/lmb10.pfb></Users/macleand/Library/TinyTeX/texmf-dist/fonts/type1/public/lm/lmbo10.pfb></Users/macleand/Library/TinyTeX/texmf-dist/fonts/type1/public/lm/lmbx10.pfb></Users/macleand/Library/TinyTeX/texmf-dist/fonts/type1/public/lm/lmbx12.pfb></Users/macleand/Library/TinyTeX/texmf-dist/fonts/type1/public/lm/lmex10.pfb></Users/macleand/Library/TinyTeX/texmf-dist/fonts/type1/public/lm/lmmi10.pfb></Users/macleand/Library/TinyTeX/texmf-dist/fonts/type1/public/lm/lmmi6.pfb></Users/macleand/Library/TinyTeX/texmf-dist/fonts/type1/public/lm/lmmi8.pfb></Users/macleand/Library/TinyTeX/texmf-dist/fonts/type1/public/lm/lmr10.pfb></Users/macleand/Library/TinyTeX/texmf-dist/fonts/type1/public/lm/lmr6.pfb></Users/macleand/Library/TinyTeX/texmf-dist/fonts/type1/public/lm/lmr8.pfb></Users/macleand/Library/TinyTeX/texmf-dist/fonts/type1/public/lm/lmri10.pfb></Users/macleand/Library/TinyTeX/texmf-dist/fonts/type1/public/lm/lmro10.pfb></Users/macleand/Library/TinyTeX/texmf-dist/fonts/type1/public/lm/lmss10.pfb></Users/macleand/Library/TinyTeX/texmf-dist/fonts/type1/public/lm/lmssbx10.pfb></Users/macleand/Library/TinyTeX/texmf-dist/fonts/type1/public/lm/lmsy10.pfb></Users/macleand/Library/TinyTeX/texmf-dist/fonts/type1/public/lm/lmsy8.pfb></Users/macleand/Library/TinyTeX/texmf-dist/fonts/type1/public/lm/lmtt10.pfb></Users/macleand/Library/TinyTeX/texmf-dist/fonts/type1/public/lm/lmtto10.pfb></Users/macleand/Library/TinyTeX/texmf-dist/fonts/type1/urw/zapfchan/uzcmi8a.pfb></Users/macleand/Library/TinyTeX/texmf-dist/fonts/type1/urw/zapfding/uzdr.pfb>
Output written on jss-article.pdf (15 pages, 559091 bytes).
PDF statistics:
 389 PDF objects out of 1000 (max. 8388607)
 310 compressed objects within 4 object streams
 100 named destinations out of 1000 (max. 500000)
 29 words of extra memory for PDF output out of 10000 (max. 10000000)

